Run: reporting-hub-deep-dives-2026-04-16T1630
Started: 2026-04-16T16:30:00Z
Completed: 2026-04-16T16:45:00Z

== Phase 0 — Lock ==
Lock acquired: REPORTING_SESSION_LOCK.md overwritten (was UNLOCKED from reporting-hub-performance-2026-04-16T0032).

== Phase 1 — Orient ==
Read REPORTING_INSTRUCTIONS.md, SOURCES.md, hub_deep_dives_prompt.md.
Availability map:
  investment_tool: operational (producer UNLOCKED)
  non_us: operational (producer UNLOCKED)
  litigation: pre-launch (skipped)
  silence: pre-launch (skipped)

== Phase 2 — Per-tool candidate scan ==

=== investment_tool (8 candidates) ===
AXSM: SKIP (thesis 2026-04-13, 3 days old <7d freshness, md5 16bbd135 MATCH)
TVTX: SKIP (delivered)
VERA: SKIP (thesis 2026-04-14, 2 days old, md5 d5d5fe25 MATCH)
VRDN: SKIP (thesis 2026-04-14, 2 days old, md5 21956cd6 MATCH)
AVNS: SKIP (thesis 2026-04-14, 2 days old, md5 914e1670 MATCH)
GSAT: PATCH md5 only (b13658ff→33658adf; S60+S61+S64 monitoring-log appends; thesis 2026-04-14 content unchanged)
RPAY: PATCH md5 only (460c58f8→9d12b48f; S64 Veradace 13D verification confirms v2 thesis content; no regeneration needed)
RGR: SKIP (thesis 2026-04-15, 1 day old, md5 0895df63 MATCH)

=== non_us (22 candidates — 21 existing + 1 new) ===
PDI_XASX: REGENERATE (NEW candidate, rule (a); merger_agreement signal from ASX scanner; score 28.0)
1882_XTKS through WBC_XASX (21 existing): all SKIP (md5 MATCH, all theses 1 day old)

=== litigation: skipped (pre-launch) ===
=== silence: skipped (pre-launch) ===

== Phase 3 — Thesis generation ==
PDI_XASX:
  - Read source candidate .md (141 lines, md5 9c1801339a00d81e2cdbe00c91703d32)
  - Read non_us SESSION_STATE.md (confirmed PDI_XASX new candidate, score 28.0)
  - WebSearch kill-sweep: 3 queries
    - "Predictive Discovery Robex Resources merger 2026" → deal unconditional since Apr 8
    - "PDI ASX Robex merger scheme arrangement update April 2026" → effective ~Apr 15, outside date Apr 30
    - "Predictive Discovery Robex merger Guinea regulatory risk Bankan gold 2026" → all regulatory approvals cleared
  - Thesis finding: PROCEDURAL UPDATE on done deal. No-trade recommendation. Conviction: low.
  - Kill condition #1 TRIGGERED (procedural update only, isPriceSensitive=false)
  - docx: Candidates/deep_dives/docx/PDI_XASX_2026-04-16.docx (41,884 bytes)
  - pdf: Candidates/deep_dives/pdf/PDI_XASX_2026-04-16.pdf (12,323 bytes)
  - Word count: 939 (below 2500 target — deliberate; no-trade thesis is concise by design)

== Phase 4 — Registry update ==
Atomic write: candidates_index.json.tmp → fsync → os.replace
Added PDI_XASX entry (source_tool=non_us, conviction=low, status=active)
Patched GSAT source_md5 (monitoring-log-only)
Patched RPAY source_md5 (S64 confirms v2 content)
Total: 30 theses, 9 run_history entries

== Phase 5 — Master summaries ==
render_all_candidates.py: ALL_CANDIDATES.pdf (15,677 bytes) + ALL_CANDIDATES.md (18,032 bytes)
render_per_tool_candidates.py:
  investment_tool_candidates.pdf (8 candidates)
  non_us_candidates.pdf (22 candidates)
  litigation_candidates.pdf (0 — placeholder)
  silence_candidates.pdf (0 — placeholder)

== Phase 6 — Self-audit ==
1. No writes outside Reporting Hub/ — OK
2. candidates_index.json parses — OK (30 theses, schema 3.0)
3. New files exist and non-zero:
   - PDI_XASX_2026-04-16.pdf: 12,323 bytes — OK
   - PDI_XASX_2026-04-16.docx: 41,884 bytes — OK
4. ALL_CANDIDATES.pdf mtime within last 10 min — OK
5. No retired paths referenced (performance_reports/, investment_theses/, non_us_candidates/, litigation_briefs/, silence_reports/) — OK
SELF_AUDIT: OK — all writes within Reporting Hub/

== Phase 7 — Lock released ==
