RUN LOG — reporting-hub-deep-dives-2026-04-16T2030
==================================================
Started: 2026-04-16T20:30:00Z
Session tag: reporting-hub-deep-dives-2026-04-16T2030

PHASE 0 — Lock acquired
Lock: Reporting Hub/REPORTING_SESSION_LOCK.md → LOCKED at 2026-04-16T20:30:00Z

PHASE 1 — Orient
- Read REPORTING_INSTRUCTIONS.md (v1.0)
- Read SOURCES.md (v1.0)
- Availability map:
  - investment_tool: operational (SESSION_LOCK UNLOCKED)
  - non_us: operational (SESSION_LOCK UNLOCKED)
  - litigation: pre-launch (skipped silently)
  - silence: pre-launch (skipped silently)

PHASE 2 — Per-tool candidate scan

TOOL: investment_tool (9 candidate files)
  AXSM: SKIP (thesis 2026-04-13, 3d <7d freshness, md5 16bbd135 MATCH)
  TVTX: SKIP (delivered)
  VERA: SKIP (thesis 2026-04-14, 2d, md5 d5d5fe25 MATCH)
  VRDN: SKIP (thesis 2026-04-14, 2d, md5 21956cd6 MATCH)
  AVNS: SKIP (thesis 2026-04-14, 2d, md5 914e1670 MATCH)
  GSAT: SKIP (thesis 2026-04-16, same day, md5 6de04b2c MATCH)
  RPAY: SKIP (thesis 2026-04-15-v2, 1d, md5 9d12b48f MATCH)
  RGR: SKIP (thesis 2026-04-15, 1d, md5 0895df63 MATCH)
  SEM: SKIP (thesis 2026-04-16, same day, md5 a1efebf7 MATCH)

TOOL: non_us (24 candidate files)
  Existing 22 tickers: ALL md5 MATCH, ALL theses 1 day old → SKIP
  1878_XTKS: REGENERATE (NEW candidate, rule (a); Daito Trust tender offer correction; score 35.0)
  ITRK_XLON: REGENERATE (NEW candidate, rule (a); EQT Rule 2.4 possible offer for Intertek; score 28.0)

TOOL: litigation — skipped: pre-launch
TOOL: silence — skipped: pre-launch

PHASE 3 — Thesis generation

1878_XTKS (Daito Trust / THE Global 3271 tender offer correction):
  - Read source candidate .md in full
  - Read non_us SESSION_STATE.md
  - WebSearch kill-sweep: 4 queries
    - Offer: ¥1,280/share, ~19.9% premium to ¥1,068 pre-announcement
    - Tender period: 2026-04-07 to 2026-05-22
    - Board recommended acceptance. No competing bidders.
    - Correction filing most likely administrative (not price change)
    - Spread <2% — WATCH tier
  - Rendered: docx (39,359 bytes) + pdf (8,755 bytes)
  - Conviction: watch
  - Catalyst category: merger_arb

ITRK_XLON (Intertek Group / EQT Rule 2.4 possible offer):
  - Read source candidate .md in full
  - Read non_us SESSION_STATE.md
  - WebSearch kill-sweep: 4 queries
    - EQT indicative proposal rejected by board Apr 13 (3 days after receipt Apr 10)
    - Board simultaneously announced strategic review (potential split into 2 businesses)
    - Shares +13% to 4,292p vs 3,679p undisturbed
    - PUSU deadline: 2026-05-14 (Rule 2.6(a))
    - No offer price disclosed
    - Analyst consensus PTs: 4,300-6,750p (avg ~5,500p)
    - EQT track record: Nord Anglia Education (60% premium, 2008)
    - Historical Rule 2.4→2.7 conversion rate ~55%
  - Rendered: docx (39,809 bytes) + pdf (10,526 bytes)
  - Conviction: watch
  - Catalyst category: merger_arb

PHASE 4 — Registry update
  - Read candidates_index.json (33 theses pre-update... wait, 31 pre + 2 new = 33)
  - Added 1878_XTKS and ITRK_XLON entries with all schema 3.0 fields
  - Appended run_history entry
  - Atomic write: candidates_index.json.tmp → validated → os.replace → OK
  - Final count: 33 theses, 12 run_history entries

PHASE 5 — Render master summaries
  - render_all_candidates.py → Candidates/ALL_CANDIDATES.pdf (19,441 bytes) + ALL_CANDIDATES.md — OK
  - render_per_tool_candidates.py → 4 per-tool PDFs:
    - investment_tool_candidates.pdf (9 candidates, 7,877 bytes) — OK
    - non_us_candidates.pdf (24 candidates, 15,646 bytes) — OK
    - litigation_candidates.pdf (0 candidates, placeholder, 1,912 bytes) — OK
    - silence_candidates.pdf (0 candidates, placeholder, 1,913 bytes) — OK

PHASE 6 — Self-audit
  1. No writes outside Reporting Hub/ — OK
  2. candidates_index.json parses — OK (33 theses)
  3. All new docx/pdf exist and non-zero — OK (4 files verified)
  4. ALL_CANDIDATES.pdf regenerated this run — OK (mtime within last 10 min)
  5. No retired paths (performance_reports/, investment_theses/, non_us_candidates/, litigation_briefs/, silence_reports/) referenced — OK
  SELF_AUDIT: OK — all writes within Reporting Hub/

PHASE 7 — Release lock
  Lock released at 2026-04-16T20:45:00Z

FILES WRITTEN THIS RUN (all within Reporting Hub/):
  - Reporting Hub/Candidates/deep_dives/docx/1878_XTKS_2026-04-16.docx (39,359 bytes)
  - Reporting Hub/Candidates/deep_dives/docx/ITRK_XLON_2026-04-16.docx (39,809 bytes)
  - Reporting Hub/Candidates/deep_dives/pdf/1878_XTKS_2026-04-16.pdf (8,755 bytes)
  - Reporting Hub/Candidates/deep_dives/pdf/ITRK_XLON_2026-04-16.pdf (10,526 bytes)
  - Reporting Hub/Candidates/candidates_index.json (updated atomically)
  - Reporting Hub/Candidates/ALL_CANDIDATES.pdf (19,441 bytes)
  - Reporting Hub/Candidates/ALL_CANDIDATES.md
  - Reporting Hub/Candidates/per_tool/investment_tool_candidates.pdf
  - Reporting Hub/Candidates/per_tool/non_us_candidates.pdf
  - Reporting Hub/Candidates/per_tool/litigation_candidates.pdf
  - Reporting Hub/Candidates/per_tool/silence_candidates.pdf
  - Reporting Hub/working/thesis_run_2026-04-16_2030.log (this file)

SUMMARY: 2 regenerated (1878_XTKS, ITRK_XLON), 0 patched, 31 skipped, 2 tools pre-launch. Runtime: ~15 min.
