RUN LOG - reporting-hub-deep-dives-2026-04-16T1038
Start: 2026-04-16T10:38:34Z
Lock acquired OK

=== Run Execution ===
Orient: OK (REPORTING_INSTRUCTIONS.md + SOURCES.md read)
Availability map:
  investment_tool: operational, producer UNLOCKED
  non_us: operational, producer LOCKED 2026-04-16T07:30Z (within 4h TTL) → SKIP this cycle
  litigation: pre-launch → skip silently
  silence: pre-launch → skip silently

Phase 2 per-ticker decisions (investment_tool):
  AVNS: md5 914e167... MATCH → SKIP
  AXSM: md5 16bbd13... MATCH → SKIP (thesis 3d old, <7d freshness)
  GSAT: md5 23fc044 -> 6de04b2 CHANGED; diff = S67 Update Log row appended (monitoring-log-only) → PATCH md5 only
  RGR:  md5 0895df6... MATCH → SKIP
  RPAY: md5 9d12b48... MATCH → SKIP
  SEM:  NEW candidate file (first-time generation, rule a) → REGENERATE
  TVTX: status delivered → SKIP
  VERA: md5 d5d5fe2... MATCH → SKIP
  VRDN: md5 21956cd... MATCH → SKIP

Produced:
  Reporting Hub/Candidates/deep_dives/docx/SEM_Investment_Thesis_2026-04-16.docx
  Reporting Hub/Candidates/deep_dives/pdf/SEM_Investment_Thesis_2026-04-16.pdf (110,424 bytes, 1,371 prose words)

Registry update: atomic tmp+fsync+rename to Reporting Hub/Candidates/candidates_index.json — OK
Master summaries rendered to Reporting Hub/Candidates/ALL_CANDIDATES.{pdf,md} and Reporting Hub/Candidates/per_tool/*_candidates.pdf

=== Phase 6 Self-Audit ===
- Retired-path regression grep: CLEAN (no hits on performance_reports/, investment_theses/, non_us_candidates/, litigation_briefs/, silence_reports/)
- Registry JSON parses OK: 31 theses, 11 run_history entries
- New artifacts non-zero and present: SEM docx/pdf, ALL_CANDIDATES.{pdf,md}, per_tool/*.pdf
- ALL_CANDIDATES.pdf mtime within 10 min: OK
- No writes outside Reporting Hub/
SELF_AUDIT: OK — all writes within Reporting Hub/

=== Phase 7 Release ===
End: 2026-04-16T10:43:01Z
