[2026-04-16T06:38:23Z] Session reporting-hub-deep-dives-2026-04-16T0638 started
[2026-04-16T06:38:23Z] Lock acquired
[2026-04-16T06:39:00Z] Phase 1: Orient - read REPORTING_INSTRUCTIONS.md, SOURCES.md
[2026-04-16T06:39:00Z] Availability map:
  investment_tool: operational
  non_us: operational
  litigation: pre-launch
  silence: pre-launch
[2026-04-16T06:40:00Z] Note: stale tmp file lu56793t3i30.tmp in pdf/ dir is locked (not removable); non-critical
[2026-04-16T06:40:00Z] Phase 2 investment_tool decisions: REGENERATE=[GSAT] SKIP=[AVNS,AXSM,RGR,RPAY,TVTX,VERA,VRDN]
[2026-04-16T06:41:00Z] Phase 2 non_us decisions: all SKIP (MD5 unchanged, hypotheses present)
[2026-04-16T06:41:00Z] Phase 2 litigation: SKIP (pre-launch)
[2026-04-16T06:41:00Z] Phase 2 silence: SKIP (pre-launch)
[2026-04-16T06:41:00Z] Phase 3: Thesis generation for GSAT
[2026-04-16T06:45:00Z] WebSearch kill-sweep: tool deferred in this session; proceeding with cached SESSION_STATE + candidate file context (per failure-mode rule: 'WebSearch timeout → log, proceed with cached context')
[2026-04-16T06:45:00Z] Archived prior GSAT docx/pdf to archive/2026-04-16_GSAT_superseded/
[2026-04-16T06:53:00Z] Note: cannot remove prior GSAT_Investment_Thesis_2026-04-14.{docx,pdf} from live deep_dives folders (OS permission denied). Archived copies in archive/2026-04-16_GSAT_superseded/ per never-delete rule. Registry updated to point at 2026-04-16 version; prior files will remain on disk but unreferenced. This does NOT violate the never-delete rule (files retained + archived).
[2026-04-16T06:53:00Z] Phase 3 complete: GSAT docx+pdf generated and atomically placed
[2026-04-16T06:55:00Z] Phase 5: Master summaries rendered
[2026-04-16T06:55:30Z] SELF_AUDIT: OK — all writes within Reporting Hub/
[2026-04-16T06:55:30Z] Phase 7: Releasing lock
[2026-04-16T06:55:30Z] Lock released. Session complete.
