2026-04-14 15:45:18,168 INFO asx_universe: fetched 1980 listed companies from CSV
2026-04-14 15:45:19,214 INFO asx_universe: AUD/USD fetched: 1 AUD = 0.7135 USD
2026-04-14 15:45:19,779 ERROR HTTP Error 404: {"quoteSummary":{"result":null,"error":{"code":"Not Found","description":"Quote not found for symbol: ASX CODE.AX"}}}
2026-04-14 15:45:56,092 ERROR HTTP Error 404: {"quoteSummary":{"result":null,"error":{"code":"Not Found","description":"Quote not found for symbol: AF4.AX"}}}
2026-04-14 15:45:56,898 ERROR HTTP Error 404: {"quoteSummary":{"result":null,"error":{"code":"Not Found","description":"Quote not found for symbol: AF6.AX"}}}
2026-04-14 15:45:57,752 ERROR HTTP Error 404: {"quoteSummary":{"result":null,"error":{"code":"Not Found","description":"Quote not found for symbol: AF5.AX"}}}
2026-04-14 15:46:14,742 ERROR HTTP Error 404: {"quoteSummary":{"result":null,"error":{"code":"Not Found","description":"Quote not found for symbol: AC2.AX"}}}
2026-04-14 15:46:16,419 ERROR HTTP Error 404: {"quoteSummary":{"result":null,"error":{"code":"Not Found","description":"Quote not found for symbol: AC3.AX"}}}
2026-04-14 15:46:22,370 INFO asx_universe: 100/1980 processed (63.2 s; above_floor=15)
2026-04-14 15:46:40,123 ERROR HTTP Error 404: {"quoteSummary":{"result":null,"error":{"code":"Not Found","description":"Quote not found for symbol: AF2.AX"}}}
2026-04-14 15:46:41,440 ERROR HTTP Error 404: {"quoteSummary":{"result":null,"error":{"code":"Not Found","description":"Quote not found for symbol: AF7.AX"}}}
2026-04-14 15:46:47,999 ERROR HTTP Error 404: {"quoteSummary":{"result":null,"error":{"code":"Not Found","description":"Quote not found for symbol: AP2.AX"}}}
2026-04-14 15:46:50,495 ERROR HTTP Error 404: {"quoteSummary":{"result":null,"error":{"code":"Not Found","description":"Quote not found for symbol: AO2.AX"}}}
2026-04-14 15:46:51,458 ERROR HTTP Error 404: {"quoteSummary":{"result":null,"error":{"code":"Not Found","description":"Quote not found for symbol: AO3.AX"}}}
2026-04-14 15:47:14,329 ERROR HTTP Error 404: {"quoteSummary":{"result":null,"error":{"code":"Not Found","description":"Quote not found for symbol: ATB.AX"}}}
2026-04-14 15:47:29,429 INFO asx_universe: 200/1980 processed (130.2 s; above_floor=38)
2026-04-14 15:47:39,430 ERROR HTTP Error 404: {"quoteSummary":{"result":null,"error":{"code":"Not Found","description":"Quote not found for symbol: ANV.AX"}}}
2026-04-14 15:47:45,686 ERROR HTTP Error 404: {"quoteSummary":{"result":null,"error":{"code":"Not Found","description":"Quote not found for symbol: AN3.AX"}}}
2026-04-14 15:47:49,257 ERROR HTTP Error 404: {"quoteSummary":{"result":null,"error":{"code":"Not Found","description":"Quote not found for symbol: XCL.AX"}}}
2026-04-14 15:47:58,375 ERROR HTTP Error 404: {"quoteSummary":{"result":null,"error":{"code":"Not Found","description":"Quote not found for symbol: AYU.AX"}}}
2026-04-14 15:48:11,191 ERROR HTTP Error 404: {"quoteSummary":{"result":null,"error":{"code":"Not Found","description":"Quote not found for symbol: B01.AX"}}}
2026-04-14 15:48:32,896 INFO asx_universe: 300/1980 processed (193.7 s; above_floor=58)
2026-04-14 15:48:45,528 ERROR HTTP Error 404: {"quoteSummary":{"result":null,"error":{"code":"Not Found","description":"Quote not found for symbol: BW6.AX"}}}
2026-04-14 15:48:50,314 ERROR HTTP Error 404: {"quoteSummary":{"result":null,"error":{"code":"Not Found","description":"Quote not found for symbol: BS1.AX"}}}
2026-04-14 15:48:58,984 ERROR HTTP Error 404: {"quoteSummary":{"result":null,"error":{"code":"Not Found","description":"Quote not found for symbol: BP1.AX"}}}
2026-04-14 15:49:21,725 ERROR HTTP Error 404: {"quoteSummary":{"result":null,"error":{"code":"Not Found","description":"Quote not found for symbol: DXA.AX"}}}
2026-04-14 15:49:36,536 INFO asx_universe: 400/1980 processed (257.3 s; above_floor=78)
2026-04-14 15:50:39,613 INFO asx_universe: 500/1980 processed (320.4 s; above_floor=109)
2026-04-14 15:51:32,503 ERROR HTTP Error 404: {"quoteSummary":{"result":null,"error":{"code":"Not Found","description":"Quote not found for symbol: DA8.AX"}}}
2026-04-14 15:51:33,456 ERROR HTTP Error 404: {"quoteSummary":{"result":null,"error":{"code":"Not Found","description":"Quote not found for symbol: D11.AX"}}}
2026-04-14 15:51:35,050 ERROR HTTP Error 404: {"quoteSummary":{"result":null,"error":{"code":"Not Found","description":"Quote not found for symbol: DAM.AX"}}}
2026-04-14 15:51:35,943 ERROR HTTP Error 404: {"quoteSummary":{"result":null,"error":{"code":"Not Found","description":"Quote not found for symbol: DA9.AX"}}}
2026-04-14 15:51:37,016 ERROR HTTP Error 404: {"quoteSummary":{"result":null,"error":{"code":"Not Found","description":"Quote not found for symbol: DAT.AX"}}}
2026-04-14 15:51:38,188 ERROR HTTP Error 404: {"quoteSummary":{"result":null,"error":{"code":"Not Found","description":"Quote not found for symbol: D10.AX"}}}
2026-04-14 15:51:50,907 INFO asx_universe: 600/1980 processed (391.7 s; above_floor=133)
2026-04-14 15:53:01,438 INFO asx_universe: 700/1980 processed (462.2 s; above_floor=146)
2026-04-14 15:53:07,849 ERROR HTTP Error 404: {"quoteSummary":{"result":null,"error":{"code":"Not Found","description":"Quote not found for symbol: FM3.AX"}}}
2026-04-14 15:53:08,879 ERROR HTTP Error 404: {"quoteSummary":{"result":null,"error":{"code":"Not Found","description":"Quote not found for symbol: FM2.AX"}}}
2026-04-14 15:53:09,870 ERROR HTTP Error 404: {"quoteSummary":{"result":null,"error":{"code":"Not Found","description":"Quote not found for symbol: FM5.AX"}}}
2026-04-14 15:53:11,007 ERROR HTTP Error 404: {"quoteSummary":{"result":null,"error":{"code":"Not Found","description":"Quote not found for symbol: FM1.AX"}}}
2026-04-14 15:54:09,465 INFO asx_universe: 800/1980 processed (530.2 s; above_floor=170)
2026-04-14 15:54:55,196 ERROR HTTP Error 404: {"quoteSummary":{"result":null,"error":{"code":"Not Found","description":"Quote not found for symbol: HC1.AX"}}}
2026-04-14 15:55:01,081 ERROR HTTP Error 404: {"quoteSummary":{"result":null,"error":{"code":"Not Found","description":"Quote not found for symbol: IF1.AX"}}}
2026-04-14 15:55:17,211 INFO asx_universe: 900/1980 processed (598.0 s; above_floor=188)
2026-04-14 15:55:29,608 ERROR HTTP Error 404: {"quoteSummary":{"result":null,"error":{"code":"Not Found","description":"Quote not found for symbol: IFX.AX"}}}
2026-04-14 15:56:08,366 ERROR HTTP Error 404: {"quoteSummary":{"result":null,"error":{"code":"Not Found","description":"Quote not found for symbol: KFW.AX"}}}
2026-04-14 15:56:14,726 ERROR HTTP Error 404: {"quoteSummary":{"result":null,"error":{"code":"Not Found","description":"Quote not found for symbol: KIG.AX"}}}
2026-04-14 15:56:15,788 ERROR HTTP Error 404: {"quoteSummary":{"result":null,"error":{"code":"Not Found","description":"Quote not found for symbol: KI1.AX"}}}
2026-04-14 15:56:25,243 INFO asx_universe: 1000/1980 processed (666.0 s; above_floor=207)
2026-04-14 15:56:32,128 ERROR HTTP Error 404: {"quoteSummary":{"result":null,"error":{"code":"Not Found","description":"Quote not found for symbol: LT9.AX"}}}
2026-04-14 15:56:32,928 ERROR HTTP Error 404: {"quoteSummary":{"result":null,"error":{"code":"Not Found","description":"Quote not found for symbol: LR1.AX"}}}
2026-04-14 15:56:34,175 ERROR HTTP Error 404: {"quoteSummary":{"result":null,"error":{"code":"Not Found","description":"Quote not found for symbol: LR4.AX"}}}
2026-04-14 15:56:35,104 ERROR HTTP Error 404: {"quoteSummary":{"result":null,"error":{"code":"Not Found","description":"Quote not found for symbol: LR3.AX"}}}
2026-04-14 15:56:36,012 ERROR HTTP Error 404: {"quoteSummary":{"result":null,"error":{"code":"Not Found","description":"Quote not found for symbol: LR5.AX"}}}
2026-04-14 15:56:36,779 ERROR HTTP Error 404: {"quoteSummary":{"result":null,"error":{"code":"Not Found","description":"Quote not found for symbol: LR6.AX"}}}
2026-04-14 15:56:44,219 ERROR HTTP Error 404: {"quoteSummary":{"result":null,"error":{"code":"Not Found","description":"Quote not found for symbol: LCN.AX"}}}
2026-04-14 15:56:53,293 ERROR HTTP Error 404: {"quoteSummary":{"result":null,"error":{"code":"Not Found","description":"Quote not found for symbol: LP1.AX"}}}
2026-04-14 15:57:02,686 ERROR HTTP Error 404: {"quoteSummary":{"result":null,"error":{"code":"Not Found","description":"Quote not found for symbol: LI8.AX"}}}
2026-04-14 15:57:03,679 ERROR HTTP Error 404: {"quoteSummary":{"result":null,"error":{"code":"Not Found","description":"Quote not found for symbol: LN1.AX"}}}
2026-04-14 15:57:04,666 ERROR HTTP Error 404: {"quoteSummary":{"result":null,"error":{"code":"Not Found","description":"Quote not found for symbol: LN2.AX"}}}
2026-04-14 15:57:05,660 ERROR HTTP Error 404: {"quoteSummary":{"result":null,"error":{"code":"Not Found","description":"Quote not found for symbol: LN3.AX"}}}
2026-04-14 15:57:10,589 ERROR HTTP Error 404: {"quoteSummary":{"result":null,"error":{"code":"Not Found","description":"Quote not found for symbol: LO1.AX"}}}
2026-04-14 15:57:23,230 ERROR HTTP Error 404: {"quoteSummary":{"result":null,"error":{"code":"Not Found","description":"Quote not found for symbol: MA2.AX"}}}
2026-04-14 15:57:24,876 ERROR HTTP Error 404: {"quoteSummary":{"result":null,"error":{"code":"Not Found","description":"Quote not found for symbol: ML2.AX"}}}
2026-04-14 15:57:48,726 INFO asx_universe: 1100/1980 processed (749.5 s; above_floor=231)
2026-04-14 15:58:07,871 ERROR HTTP Error 404: {"quoteSummary":{"result":null,"error":{"code":"Not Found","description":"Quote not found for symbol: MZF.AX"}}}
2026-04-14 15:58:08,875 ERROR HTTP Error 404: {"quoteSummary":{"result":null,"error":{"code":"Not Found","description":"Quote not found for symbol: MZT.AX"}}}
2026-04-14 15:58:09,905 ERROR HTTP Error 404: {"quoteSummary":{"result":null,"error":{"code":"Not Found","description":"Quote not found for symbol: MZ1.AX"}}}
2026-04-14 15:58:10,833 ERROR HTTP Error 404: {"quoteSummary":{"result":null,"error":{"code":"Not Found","description":"Quote not found for symbol: MZ2.AX"}}}
2026-04-14 15:58:27,337 ERROR HTTP Error 404: {"quoteSummary":{"result":null,"error":{"code":"Not Found","description":"Quote not found for symbol: MF3.AX"}}}
2026-04-14 15:58:28,141 ERROR HTTP Error 404: {"quoteSummary":{"result":null,"error":{"code":"Not Found","description":"Quote not found for symbol: MF5.AX"}}}
2026-04-14 15:58:29,070 ERROR HTTP Error 404: {"quoteSummary":{"result":null,"error":{"code":"Not Found","description":"Quote not found for symbol: MF4.AX"}}}
2026-04-14 15:58:30,070 ERROR HTTP Error 404: {"quoteSummary":{"result":null,"error":{"code":"Not Found","description":"Quote not found for symbol: MF6.AX"}}}
2026-04-14 15:58:58,188 ERROR HTTP Error 404: {"quoteSummary":{"result":null,"error":{"code":"Not Found","description":"Quote not found for symbol: MM2.AX"}}}
2026-04-14 15:58:59,138 ERROR HTTP Error 404: {"quoteSummary":{"result":null,"error":{"code":"Not Found","description":"Quote not found for symbol: MM4.AX"}}}
2026-04-14 15:59:07,270 INFO asx_universe: 1200/1980 processed (828.1 s; above_floor=252)
2026-04-14 15:59:21,270 ERROR HTTP Error 404: {"quoteSummary":{"result":null,"error":{"code":"Not Found","description":"Quote not found for symbol: NRO.AX"}}}
2026-04-14 15:59:22,503 ERROR HTTP Error 404: {"quoteSummary":{"result":null,"error":{"code":"Not Found","description":"Quote not found for symbol: NRP.AX"}}}
2026-04-14 15:59:34,502 ERROR HTTP Error 404: {"quoteSummary":{"result":null,"error":{"code":"Not Found","description":"Quote not found for symbol: XNC.AX"}}}
2026-04-14 16:00:05,089 ERROR HTTP Error 404: {"quoteSummary":{"result":null,"error":{"code":"Not Found","description":"Quote not found for symbol: NW1.AX"}}}
2026-04-14 16:00:10,148 ERROR HTTP Error 404: {"quoteSummary":{"result":null,"error":{"code":"Not Found","description":"Quote not found for symbol: NFN.AX"}}}
2026-04-14 16:00:19,197 INFO asx_universe: 1300/1980 processed (900.0 s; above_floor=274)
2026-04-14 16:00:23,550 ERROR HTTP Error 404: {"quoteSummary":{"result":null,"error":{"code":"Not Found","description":"Quote not found for symbol: OYS.AX"}}}
2026-04-14 16:00:24,584 ERROR HTTP Error 404: {"quoteSummary":{"result":null,"error":{"code":"Not Found","description":"Quote not found for symbol: OY1.AX"}}}
2026-04-14 16:00:38,596 ERROR HTTP Error 404: {"quoteSummary":{"result":null,"error":{"code":"Not Found","description":"Quote not found for symbol: OR2.AX"}}}
2026-04-14 16:00:40,447 ERROR HTTP Error 404: {"quoteSummary":{"result":null,"error":{"code":"Not Found","description":"Quote not found for symbol: ZOR.AX"}}}
2026-04-14 16:00:57,311 ERROR HTTP Error 404: {"quoteSummary":{"result":null,"error":{"code":"Not Found","description":"Quote not found for symbol: PA1.AX"}}}
2026-04-14 16:00:58,402 ERROR HTTP Error 404: {"quoteSummary":{"result":null,"error":{"code":"Not Found","description":"Quote not found for symbol: PA3.AX"}}}
2026-04-14 16:00:59,437 ERROR HTTP Error 404: {"quoteSummary":{"result":null,"error":{"code":"Not Found","description":"Quote not found for symbol: PA2.AX"}}}
2026-04-14 16:01:00,603 ERROR HTTP Error 404: {"quoteSummary":{"result":null,"error":{"code":"Not Found","description":"Quote not found for symbol: PA4.AX"}}}
2026-04-14 16:01:01,544 ERROR HTTP Error 404: {"quoteSummary":{"result":null,"error":{"code":"Not Found","description":"Quote not found for symbol: PA5.AX"}}}
2026-04-14 16:01:02,764 ERROR HTTP Error 404: {"quoteSummary":{"result":null,"error":{"code":"Not Found","description":"Quote not found for symbol: PA6.AX"}}}
2026-04-14 16:01:23,524 ERROR HTTP Error 404: {"quoteSummary":{"result":null,"error":{"code":"Not Found","description":"Quote not found for symbol: PR4.AX"}}}
2026-04-14 16:01:24,795 ERROR HTTP Error 404: {"quoteSummary":{"result":null,"error":{"code":"Not Found","description":"Quote not found for symbol: PU6.AX"}}}
2026-04-14 16:01:26,009 ERROR HTTP Error 404: {"quoteSummary":{"result":null,"error":{"code":"Not Found","description":"Quote not found for symbol: PU8.AX"}}}
2026-04-14 16:01:27,141 ERROR HTTP Error 404: {"quoteSummary":{"result":null,"error":{"code":"Not Found","description":"Quote not found for symbol: PU9.AX"}}}
2026-04-14 16:01:31,617 INFO asx_universe: 1400/1980 processed (972.4 s; above_floor=291)
2026-04-14 16:02:01,144 ERROR HTTP Error 404: {"quoteSummary":{"result":null,"error":{"code":"Not Found","description":"Quote not found for symbol: POT.AX"}}}
2026-04-14 16:02:02,361 ERROR HTTP Error 404: {"quoteSummary":{"result":null,"error":{"code":"Not Found","description":"Quote not found for symbol: POB.AX"}}}
2026-04-14 16:02:03,489 ERROR HTTP Error 404: {"quoteSummary":{"result":null,"error":{"code":"Not Found","description":"Quote not found for symbol: POC.AX"}}}
2026-04-14 16:02:04,521 ERROR HTTP Error 404: {"quoteSummary":{"result":null,"error":{"code":"Not Found","description":"Quote not found for symbol: POF.AX"}}}
2026-04-14 16:02:05,636 ERROR HTTP Error 404: {"quoteSummary":{"result":null,"error":{"code":"Not Found","description":"Quote not found for symbol: POE.AX"}}}
2026-04-14 16:02:07,376 ERROR HTTP Error 404: {"quoteSummary":{"result":null,"error":{"code":"Not Found","description":"Quote not found for symbol: POG.AX"}}}
2026-04-14 16:02:09,291 ERROR HTTP Error 404: {"quoteSummary":{"result":null,"error":{"code":"Not Found","description":"Quote not found for symbol: POI.AX"}}}
2026-04-14 16:02:15,055 ERROR HTTP Error 404: {"quoteSummary":{"result":null,"error":{"code":"Not Found","description":"Quote not found for symbol: PUT.AX"}}}
2026-04-14 16:02:16,088 ERROR HTTP Error 404: {"quoteSummary":{"result":null,"error":{"code":"Not Found","description":"Quote not found for symbol: PUU.AX"}}}
2026-04-14 16:02:17,325 ERROR HTTP Error 404: {"quoteSummary":{"result":null,"error":{"code":"Not Found","description":"Quote not found for symbol: PS2.AX"}}}
2026-04-14 16:02:18,448 ERROR HTTP Error 404: {"quoteSummary":{"result":null,"error":{"code":"Not Found","description":"Quote not found for symbol: PUV.AX"}}}
2026-04-14 16:02:27,574 ERROR HTTP Error 404: {"quoteSummary":{"result":null,"error":{"code":"Not Found","description":"Quote not found for symbol: QNB.AX"}}}
2026-04-14 16:02:40,856 ERROR HTTP Error 404: {"quoteSummary":{"result":null,"error":{"code":"Not Found","description":"Quote not found for symbol: RAM.AX"}}}
2026-04-14 16:02:45,657 INFO asx_universe: 1500/1980 processed (1046.4 s; above_floor=313)
2026-04-14 16:03:11,341 ERROR HTTP Error 404: {"quoteSummary":{"result":null,"error":{"code":"Not Found","description":"Quote not found for symbol: RA2.AX"}}}
2026-04-14 16:03:12,290 ERROR HTTP Error 404: {"quoteSummary":{"result":null,"error":{"code":"Not Found","description":"Quote not found for symbol: RA3.AX"}}}
2026-04-14 16:03:48,349 ERROR HTTP Error 404: {"quoteSummary":{"result":null,"error":{"code":"Not Found","description":"Quote not found for symbol: SFV.AX"}}}
2026-04-14 16:03:50,348 ERROR HTTP Error 404: {"quoteSummary":{"result":null,"error":{"code":"Not Found","description":"Quote not found for symbol: SP4.AX"}}}
2026-04-14 16:03:51,247 ERROR HTTP Error 404: {"quoteSummary":{"result":null,"error":{"code":"Not Found","description":"Quote not found for symbol: SP5.AX"}}}
2026-04-14 16:03:52,265 ERROR HTTP Error 404: {"quoteSummary":{"result":null,"error":{"code":"Not Found","description":"Quote not found for symbol: SP6.AX"}}}
2026-04-14 16:03:58,917 INFO asx_universe: 1600/1980 processed (1119.7 s; above_floor=332)
2026-04-14 16:04:00,435 ERROR HTTP Error 404: {"quoteSummary":{"result":null,"error":{"code":"Not Found","description":"Quote not found for symbol: SCW.AX"}}}
2026-04-14 16:04:01,550 ERROR HTTP Error 404: {"quoteSummary":{"result":null,"error":{"code":"Not Found","description":"Quote not found for symbol: SCA.AX"}}}
2026-04-14 16:04:11,967 ERROR HTTP Error 404: {"quoteSummary":{"result":null,"error":{"code":"Not Found","description":"Quote not found for symbol: BA2.AX"}}}
2026-04-14 16:04:12,887 ERROR HTTP Error 404: {"quoteSummary":{"result":null,"error":{"code":"Not Found","description":"Quote not found for symbol: WE1.AX"}}}
2026-04-14 16:04:13,950 ERROR HTTP Error 404: {"quoteSummary":{"result":null,"error":{"code":"Not Found","description":"Quote not found for symbol: WB1.AX"}}}
2026-04-14 16:04:15,039 ERROR HTTP Error 404: {"quoteSummary":{"result":null,"error":{"code":"Not Found","description":"Quote not found for symbol: WSE.AX"}}}
2026-04-14 16:04:16,106 ERROR HTTP Error 404: {"quoteSummary":{"result":null,"error":{"code":"Not Found","description":"Quote not found for symbol: WS1.AX"}}}
2026-04-14 16:04:17,436 ERROR HTTP Error 404: {"quoteSummary":{"result":null,"error":{"code":"Not Found","description":"Quote not found for symbol: WS2.AX"}}}
2026-04-14 16:04:23,266 ERROR HTTP Error 404: {"quoteSummary":{"result":null,"error":{"code":"Not Found","description":"Quote not found for symbol: SHZ.AX"}}}
2026-04-14 16:05:10,828 INFO asx_universe: 1700/1980 processed (1191.6 s; above_floor=359)
2026-04-14 16:06:08,542 ERROR HTTP Error 404: {"quoteSummary":{"result":null,"error":{"code":"Not Found","description":"Quote not found for symbol: TT1.AX"}}}
2026-04-14 16:06:09,771 ERROR HTTP Error 404: {"quoteSummary":{"result":null,"error":{"code":"Not Found","description":"Quote not found for symbol: TT2.AX"}}}
2026-04-14 16:06:21,382 INFO asx_universe: 1800/1980 processed (1262.2 s; above_floor=380)
2026-04-14 16:06:23,244 ERROR HTTP Error 404: {"quoteSummary":{"result":null,"error":{"code":"Not Found","description":"Quote not found for symbol: TTZ.AX"}}}
2026-04-14 16:06:30,287 ERROR HTTP Error 404: {"quoteSummary":{"result":null,"error":{"code":"Not Found","description":"Quote not found for symbol: TA1.AX"}}}
2026-04-14 16:06:32,000 ERROR HTTP Error 404: {"quoteSummary":{"result":null,"error":{"code":"Not Found","description":"Quote not found for symbol: XVG.AX"}}}
2026-04-14 16:06:36,192 ERROR HTTP Error 404: {"quoteSummary":{"result":null,"error":{"code":"Not Found","description":"Quote not found for symbol: TT6.AX"}}}
2026-04-14 16:07:06,241 ERROR HTTP Error 404: {"quoteSummary":{"result":null,"error":{"code":"Not Found","description":"Quote not found for symbol: VCD.AX"}}}
2026-04-14 16:07:31,381 INFO asx_universe: 1900/1980 processed (1332.2 s; above_floor=402)
2026-04-14 16:07:38,107 ERROR HTTP Error 404: {"quoteSummary":{"result":null,"error":{"code":"Not Found","description":"Quote not found for symbol: WEF.AX"}}}
2026-04-14 16:07:46,944 ERROR HTTP Error 404: {"quoteSummary":{"result":null,"error":{"code":"Not Found","description":"Quote not found for symbol: WEN.AX"}}}
2026-04-14 16:08:27,552 INFO asx_universe: built universe — 426 above floor / 1980 total

Universe: 426 tickers above $300M USD floor (of 1980 listed; 158 unresolved)
Top 10 by market cap:
  AFT    $1,175,510,308M  AFG 2023-1 TRUST IN RESPECT OF SERIES 2023-1
  WFE    $ 4,529,363M  WOLFE ENERGY LIMITED
  CBA    $   218,949M  COMMONWEALTH BANK OF AUSTRALIA.
  BHP    $   203,365M  BHP GROUP LIMITED
  RIO    $   202,162M  RIO TINTO LIMITED
  NEM    $   129,716M  NEWMONT CORPORATION
  WBC    $   101,170M  WESTPAC BANKING CORPORATION
  NAB    $    97,430M  NATIONAL AUSTRALIA BANK LIMITED
  ANZ    $    81,877M  ANZ GROUP HOLDINGS LIMITED
  MQG    $    63,090M  MACQUARIE GROUP LIMITED
