# Deep Dive Session Log — 2026-04-13 15:30 UTC

## Session Summary
- **Task**: Automated deep dive research documents for investment candidates
- **Candidates processed**: 4 of 4 (all candidates in candidates/ directory)
- **Duration**: ~25 minutes
- **All outputs written to**: reporting_layer/candidate_deep_dives/

## Candidates Processed (priority order)

### 1. AXSM — Axsome Therapeutics (Score: 30.75, PDUFA Apr 30)
- **Status**: Active Candidate
- **Conviction**: Buy
- **Output**: AXSM_Deep_Dive_2026-04-13.docx (23,227 bytes)
- **Web research categories completed**: News, Analyst, SEC/Insider, FDA, Litigation, Short Interest, Competitive, Financial, Institutional, Options
- **Key finding**: No AdCom is strongest positive signal. Analyst consensus Buy with PT $198-$217. Balipodect M&A + sales force doubling signal management confidence. Securities class action settled. Approval probability estimated 60-70%.
- **Score impact**: No change warranted. Web research strengthens thesis.

### 2. TVTX — Travere Therapeutics (Score: 29.75, PDUFA Apr 13)
- **Status**: Active Candidate — DECISION PENDING
- **Conviction**: Buy
- **Output**: TVTX_Deep_Dive_2026-04-13.docx (19,502 bytes)
- **Key finding**: PDUFA is Monday Apr 13. No decision announced yet. One web source references $38.21 price (above 10-year resistance), potentially indicating positive outcome. REPL second CRL confirmed Apr 10; TVTX diverged from crash (bullish signal). Approval probability estimated 55-65%.
- **Score impact**: No change. Provisional 29.75.

### 3. VERA — Vera Therapeutics (Score: 30.50, PDUFA Jul 7)
- **Status**: Active Candidate
- **Conviction**: Buy
- **Output**: VERA_Deep_Dive_2026-04-13.docx (20,001 bytes)
- **Key finding**: Highest approval probability (75-85%) in the system. ORIGIN NEJM data best-in-class. $714.6M cash + $800M facility. Point72 and Deep Track accumulating. 89 new employee grants signal launch prep. IgAN market $8.3B by 2033 at 30.5% CAGR.
- **Score impact**: No change. 30.50 confirmed.

### 4. VRDN — Viridian Therapeutics (Score: 26.00, PDUFA Jun 30)
- **Status**: Watchlist (demoted from 31.5)
- **Conviction**: Hold
- **Output**: VRDN_Deep_Dive_2026-04-13.docx (17,058 bytes)
- **Key finding**: Veligrotug approval probability 85-90% but commercial thesis severely weakened by Amgen SC Tepezza (77% PRR). Multiple PT cuts but all maintained Buy. Stock at extreme dislocation ($14-15 vs avg PT $33-42). Re-evaluate at T-30.
- **Score impact**: No change. 26.00 remains below 28 threshold.

## Index Updated
- reporting_layer/candidate_deep_dives/index.json updated with all 4 candidates, source hashes, and conviction assessments.

## Next Run Notes
- TVTX decision should be resolved by next run (Apr 14 market data). Update index with outcome.
- AXSM enters T-14 intensive window. Deep dive should be refreshed if score or source file changes.
- VERA: monitor sibeprenlimab Q1 uptake data when available.
- VRDN: REVEAL-2 data expected Q2 2026 — critical for franchise reassessment.

[2026-04-13 Phase 5 Complete] Final verification PASSED
- AXSM_Deep_Dive_2026-04-13.docx: 23,227 bytes — Buy (30.75)
- TVTX_Deep_Dive_2026-04-13.docx: 19,502 bytes — Buy (29.75)
- VERA_Deep_Dive_2026-04-13.docx: 20,001 bytes — Buy (30.50)
- VRDN_Deep_Dive_2026-04-13.docx: 17,058 bytes — Hold (26.00)
- index.json: Valid JSON, 4 candidates registered
- Issue resolved: index.json bash parsing fixed by rewriting via bash heredoc (Write tool caused mount sync/encoding issue)

[TASK COMPLETE] All 4 deep dive documents generated, verified, and registered.
