===============================================================================
THESIS RUN LOG — 2026-04-15 02:48 UTC
===============================================================================
Run type:       Scheduled (autonomous) — investment-tool-deep-dives
Generator:      reporting_layer thesis pipeline
Canonical ref:  reporting_layer/investment_theses/docx/AXSM_Investment_Thesis_2026-04-13.docx
Today (local):  2026-04-15

-------------------------------------------------------------------------------
PHASE 2 — CANDIDATE EVALUATION
-------------------------------------------------------------------------------
Source of truth: investment_discovery_system/candidates/ (top-level .md only)
MD5 hashes computed and compared against index.json source_md5.

Candidate                                        | Decision    | Reason
-------------------------------------------------|-------------|--------------------------
AXSM_ADA_PDUFA.md                                | SKIP        | thesis 2026-04-13 (2 days old); md5 16bbd13...038f matches index; T-14 monitoring SESSION_STATE S58 CLEAR
VERA_IgAN_PDUFA.md                               | SKIP        | thesis 2026-04-14 (1 day old); md5 d5d5fe2...e141 matches index
VRDN_veligrotug_PDUFA.md                         | SKIP        | thesis 2026-04-14 (1 day old); md5 21956cd...6fdf matches index
AVNS_merger_arb_AIP_2026-04-14.md                | SKIP        | thesis 2026-04-14 (1 day old); md5 914e167...a4a1 matches index
GSAT_merger_arb_AMZN_2026-04-14.md               | SKIP        | thesis 2026-04-14 (1 day old); md5 b13658f...a428 matches index
TVTX_FSGS_PDUFA.md                               | SKIP        | Delivered/APPROVED 2026-01-13; in candidates/delivered/
RPAY_Forager_ActivistPoisonPill.md               | REGENERATE  | NEW active candidate (S58 2026-04-15); no prior thesis on record; score 30.0; URGENT per SESSION_STATE

-------------------------------------------------------------------------------
PHASE 3 — PER-CANDIDATE PRODUCTION (RPAY)
-------------------------------------------------------------------------------
3a. Source material read:
    - investment_discovery_system/candidates/RPAY_Forager_ActivistPoisonPill.md (164 lines)
    - investment_discovery_system/SESSION_STATE.md (head, key RPAY findings captured)
    - reporting_layer/investment_theses/docx/AXSM_Investment_Thesis_2026-04-13.docx (canonical style reference — 173 paragraphs, 14 tables)

3b. Mandatory web research — 10 queries executed (all 10 categories covered):
    1.  Recent news (KUBRA acquisition $372M; Shaler Alias Feb-2026 departure; board "defensive action" Apr-2026)
    2.  Analyst activity (DA Davidson $12 → $10 → $8; UBS $3.50; Canaccord $8; consensus $5.60; dispersion $3.50-$12)
    3.  Forager profile (SEC FORM ADV — Kissel/MacArthur/Wilhelm; Birmingham, AL; founded 2011)
    4.  Rights-plan coverage (no trade-press coverage found yet — edge window confirmed live)
    5.  Q4 2025 financials (revenue $309.3M; net loss $271.1M goodwill impairment; FCF $49.1M; 2026E $340-346M)
    6.  Annual meeting / governance (DEF 14A date not located; bylaws advance-notice inferred 90-120d)
    7.  Forager prior-campaigns (no documented prior activist wins — RPAY appears to be their largest public campaign)
    8.  Short interest / retail (7.5% SI; RPAY not prominent on WSB/Reddit — low retail chatter)
    9.  Competitive landscape (Shift4 Global Blue Jul-25; Smartpay $180M Jun-25; sector M&A active)
    10. Litigation / SEC (none found — absence of evidence noted)

    Verdict: STRENGTHENS thesis. Material new facts: KUBRA deal adds second activist-leverage axis;
    Shaler Alias departure adds governance instability; analyst PT collapse confirms market has
    not priced activist resolution; Forager initial 13D at 10.0% (Mar 12) predates candidate-file timeline.

3c. Document produced:
    - reporting_layer/investment_theses/docx/RPAY_Investment_Thesis_2026-04-15.docx
    - Paragraphs: 139
    - Tables: 14 (matches AXSM canonical 14-table structure)
    - Word count: 5243 (above 2500-4500 target; exception per AVNS/GSAT precedent for complex situations)
    - Structure verified: Glossary, Summary, Case-in-5-Points, Key Numbers, Asymmetry, Recommendation,
      APPENDIX A.1-A.12 all present; "What would change my mind", "What this thesis does NOT claim",
      "What this thesis DOES claim" bulleted lists present.
    - Font: Calibri (matches canonical AXSM — note: scheduled-task spec said Arial, but canonical template
      uses Calibri; per "match the canonical doc" instruction, Calibri was used; decision documented here)
    - Page setup: US Letter (8.5"x11"), 1" margins, justified body
    - Footer: "RPAY Investment Thesis — 15 April 2026 — Investment Discovery System | Page [X]"

3d. Pre-conversion verification:
    [OK] All 12 appendix subsections A.1-A.12 present
    [OK] Glossary contains 26 terms covering acronyms used in body
    [OK] Recommendation callout table present (single-cell, framed)
    [OK] 7-Dimension score table present (8 rows: 7 dims + weighted total)
    [OK] Asymmetry (Base/Bull/Bear) paragraphs present with probability-weighted expected return
    [OK] 6 Kill-condition callouts present (exceeds 4-minimum required by spec)
    [OK] Verdict callout present
    [WARN] Word count 5243 exceeds 4500 target — flagged in index.json word_count_note

-------------------------------------------------------------------------------
PHASE 4 — DOCX → PDF CONVERSION
-------------------------------------------------------------------------------
Command:  soffice --headless --convert-to pdf --outdir ...pdf/ ...docx
Result:   SUCCESS on first attempt
Output:   reporting_layer/investment_theses/pdf/RPAY_Investment_Thesis_2026-04-15.pdf
Size:     233,982 bytes (≈ 234KB) — well above 30KB floor; in-range with AXSM (226KB), VERA (296KB), VRDN (306KB)
Housekeeping: moved 2 LibreOffice artifacts (lu20464aajaz.tmp, .~lock.RPAY...pdf#) from pdf/ to
    archive/2026-04-15_libreoffice_tmp_cleanup/ per never-delete rule. pdf/ dir now contains only 6
    canonical thesis PDFs.
No older RPAY thesis to supersede (first-time generation).

-------------------------------------------------------------------------------
PHASE 5 — INDEX AND LOG
-------------------------------------------------------------------------------
index.json updated:
    - Added RPAY entry (ticker, company, subject, source_file, source_md5, score 30.0, tier active_candidate,
      catalyst, recommendation Buy medium-high conviction, docx_path, pdf_path, pdf_bytes 233982,
      prose_word_count 5243, regeneration_decision REGENERATE, web_research_verdict STRENGTHENS)
    - Merged (not overwritten); prior AXSM/TVTX/VERA/VRDN/AVNS/GSAT entries preserved
    - last_run = 2026-04-15T02:48:34Z
    - run_history appended (includes per-ticker decisions, web-research summary, housekeeping)
    - run_summary updated: regenerated=[RPAY], skipped=[AXSM,VERA,VRDN,AVNS,GSAT,TVTX]

-------------------------------------------------------------------------------
PHASE 6 — FINAL VERIFICATION
-------------------------------------------------------------------------------
[OK] PDF exists at expected path
[OK] PDF size 233982 bytes (>> 30KB floor)
[OK] Corresponding DOCX exists
[OK] index.json parses as valid JSON
[OK] RPAY entry present in index.json entries list
[OK] Log file exists (this file)

-------------------------------------------------------------------------------
BLOCKERS / OPEN ISSUES
-------------------------------------------------------------------------------
- RPAY bylaws advance-notice window for 2026 annual-meeting director nominations was not retrievable via
  web search; thesis flags this as the most time-sensitive kill condition (A.8 #4) and recommends it be
  confirmed in a follow-up session by pulling RPAY 10-K / proxy history from EDGAR.
- Forager Capital Management investor letters were not retrievable in this session; thesis notes this as
  a follow-up diligence item.
- Prior Forager 13D/A #1 event-date/stake (between 10.0% and 12.9%) inferred from amendment numbering;
  exact intermediate stake would refine the accumulation-slope estimate.

-------------------------------------------------------------------------------
CONSTRAINT CHECK
-------------------------------------------------------------------------------
[OK] Read-only on investment_discovery_system/ — no writes made to that folder
[OK] All outputs to reporting_layer/ subfolders only
[OK] Canonical AXSM template not modified
[OK] Never-delete rule respected (LibreOffice tmp artifacts archived, not deleted)

End of run log.
