07:15:59 [run_scanner] INFO: Running congressional: Congressional trading via Capitol Trades
07:16:00 [congressional_trading] INFO: Page 1: 12 rows, 11 total trades so far
07:16:01 [congressional_trading] INFO: Page 2: 12 rows, 20 total trades so far
07:16:03 [congressional_trading] INFO: Page 3: 12 rows, 23 total trades so far
07:16:04 [congressional_trading] INFO: Page 4: 12 rows, 31 total trades so far
07:16:05 [congressional_trading] INFO: Page 5: 12 rows, 43 total trades so far
07:16:07 [congressional_trading] INFO: Page 6: 12 rows, 53 total trades so far
07:16:09 [congressional_trading] INFO: Page 7: 12 rows, 64 total trades so far
07:16:10 [congressional_trading] INFO: Page 8: 12 rows, 74 total trades so far
07:16:12 [congressional_trading] INFO: Page 9: 12 rows, 85 total trades so far
07:16:14 [congressional_trading] INFO: Page 10: 12 rows, 96 total trades so far
07:16:15 [congressional_trading] INFO: Page 11: 12 rows, 96 total trades so far
07:16:17 [congressional_trading] INFO: Page 12: 12 rows, 96 total trades so far
07:16:19 [congressional_trading] INFO: Page 13: 12 rows, 96 total trades so far
07:16:20 [congressional_trading] INFO: Page 14: 12 rows, 96 total trades so far
07:16:22 [congressional_trading] INFO: Page 15: 12 rows, 96 total trades so far
07:16:24 [congressional_trading] INFO: Page 16: 12 rows, 106 total trades so far
07:16:26 [congressional_trading] INFO: Page 17: 12 rows, 118 total trades so far
07:16:27 [congressional_trading] INFO: Page 18: 12 rows, 129 total trades so far
07:16:29 [congressional_trading] INFO: Page 19: 12 rows, 141 total trades so far
07:16:31 [congressional_trading] INFO: Page 20: 12 rows, 153 total trades so far
07:16:33 [congressional_trading] INFO: Page 21: 12 rows, 165 total trades so far
07:16:34 [congressional_trading] INFO: Page 22: 12 rows, 177 total trades so far
07:16:36 [congressional_trading] INFO: Page 23: 12 rows, 189 total trades so far
07:16:38 [congressional_trading] INFO: Page 24: 12 rows, 201 total trades so far
07:16:39 [congressional_trading] INFO: Page 25: 12 rows, 213 total trades so far
07:16:41 [congressional_trading] INFO: Page 26: 12 rows, 225 total trades so far
07:16:43 [congressional_trading] INFO: Page 27: 12 rows, 237 total trades so far
07:16:44 [congressional_trading] INFO: Page 28: 12 rows, 249 total trades so far
07:16:46 [congressional_trading] INFO: Page 29: 12 rows, 260 total trades so far
07:16:48 [congressional_trading] INFO: Page 30: 12 rows, 272 total trades so far
07:16:48 [congressional_trading] INFO: Fetched 272 trades from Capitol Trades (30 pages)
07:16:48 [congressional_trading] INFO: After date filter (45d): 272 trades
07:16:48 [congressional_trading] INFO: Congressional scan complete: 0 signals from 272 trades
07:16:48 [run_scanner] INFO:   congressional: 0 signals in 48.8s
OK: congressional — 0 signals in 48.8s
