07:14:02 [run_scanner] INFO: Running esma_short: FCA/ESMA short position aggregation
07:14:03 [esma_short_scanner] INFO: FCA: Downloaded XLSX: 3,016,156 bytes
07:14:04 [esma_short_scanner] INFO: FCA: Parsed 576 current positions
07:14:04 [esma_short_scanner] INFO: FCA: 576 positions fetched
07:14:07 [esma_short_scanner] INFO: AMF: Parsed 189 active positions
07:14:07 [esma_short_scanner] INFO: AMF: 189 positions fetched
07:14:07 [esma_short_scanner] INFO: AFM: Parsed 986 current positions
07:14:07 [esma_short_scanner] INFO: AFM: 986 positions fetched
07:14:10 [esma_short_scanner] INFO: BaFin: Parsed 468 current positions
07:14:10 [esma_short_scanner] INFO: BAFIN: 468 positions fetched
07:14:10 [esma_short_scanner] INFO: Total positions across all regulators: 2219
07:14:10 [esma_short_scanner] INFO: Loaded prior snapshot for FCA: 576 positions
07:14:10 [esma_short_scanner] INFO: Loaded prior snapshot for AMF: 189 positions
07:14:10 [esma_short_scanner] INFO: Loaded prior snapshot for AFM: 986 positions
07:14:10 [esma_short_scanner] INFO: Loaded prior snapshot for BAFIN: 467 positions
07:14:10 [esma_short_scanner] INFO: Saved snapshot: /sessions/clever-elegant-ramanujan/mnt/Investment tool/investment_discovery_system/signals/esma_snapshots/fca_snapshot_20260416.json (576 positions)
07:14:10 [esma_short_scanner] INFO: Saved snapshot: /sessions/clever-elegant-ramanujan/mnt/Investment tool/investment_discovery_system/signals/esma_snapshots/amf_snapshot_20260416.json (189 positions)
07:14:11 [esma_short_scanner] INFO: Saved snapshot: /sessions/clever-elegant-ramanujan/mnt/Investment tool/investment_discovery_system/signals/esma_snapshots/afm_snapshot_20260416.json (986 positions)
07:14:11 [esma_short_scanner] INFO: Saved snapshot: /sessions/clever-elegant-ramanujan/mnt/Investment tool/investment_discovery_system/signals/esma_snapshots/bafin_snapshot_20260416.json (468 positions)
07:14:11 [esma_short_scanner] INFO: Crowded shorts (>=3 holders): 176 ISINs
07:14:11 [esma_short_scanner] INFO: Loaded 287 cached ISIN->ticker mappings
07:14:11 [esma_short_scanner] INFO: Saved 287 ISIN->ticker mappings to cache
07:14:11 [run_scanner] INFO:   esma_short: 0 signals in 8.3s
OK: esma_short — 0 signals in 8.3s
