DEEP DIVE BATCH REPORT
======================
Timestamp: 2026-04-14T10:06:30Z
Session: Autonomous Task (Scheduled)
Status: COMPLETED

CANDIDATES PROCESSED
====================

1. AXSM (Axsome Therapeutics)
   - Ticker: AXSM / NASDAQ
   - Catalyst: AXS-05 Alzheimer Disease Agitation PDUFA
   - PDUFA Date: 2026-04-30 (T-16 trading days)
   - Score: 30.75 / 42.5
   - Conviction: BUY
   - Document: AXSM_Deep_Dive_2026-04-14.docx (21 KB)
   - Source Hash: 16bbd135fe4181508845d9ffec08038f
   - Status: ACTIVE HIGH PRIORITY
   - Key Findings:
     * 3-of-4 Phase 3 trials positive (ADVANCE-1, ACCORD-1, ACCORD-2)
     * Priority Review granted + Breakthrough Therapy Designation
     * No AdCom announced (positive signal)
     * Commercial prep behavior: sales force 300→600, balipodect acquisition
     * Analyst consensus: 16 analysts, avg PT 97.95
     * Web research validates high (65-70%) approval probability

2. VERA (Vera Therapeutics)
   - Ticker: VERA / NASDAQ
   - Catalyst: Atacicept IgAN BLA PDUFA
   - PDUFA Date: 2026-07-07 (T-61 trading days)
   - Score: 30.50 / 42.5
   - Conviction: HOLD
   - Document: VERA_Deep_Dive_2026-04-14.docx (14 KB)
   - Source Hash: d5d5fe25520a2a766337de464083e141
   - Status: ACTIVE
   - Key Findings:
     * NEJM Phase 3 ORIGIN data: 46% proteinuria reduction
     * 42% placebo-adjusted efficacy, 68% Gd-IgA1 reduction
     * Institutional interest: Point72 1.7%, Deep Track 5.5%
     * Competitive landscape: Sibeprenlimab (Voyxact) 92.5K/yr precedent
     * Analyst consensus: 10 analysts, avg PT 2.30
     * Commercial positioning thesis: dual BAFF+APRIL advantage vs APRIL-only

3. VRDN (Viridian Therapeutics)
   - Ticker: VRDN / NASDAQ
   - Catalyst: Veligrotug Thyroid Eye Disease PDUFA
   - PDUFA Date: 2026-06-30 (T-77 trading days)
   - Score: 26.00 / 42.5 (DEMOTED from 31.5)
   - Conviction: AVOID (WATCHLIST)
   - Document: VRDN_Deep_Dive_2026-04-14.docx (13 KB)
   - Source Hash: 21956cd6b094c88405cf8b7e8ec26fdf
   - Status: WATCHLIST
   - Demotion Reason: Elegrobart REVEAL-1 disappointing + Amgen SC Tepezza Phase 3 positive
   - Key Findings:
     * THRIVE Phase 3: 70% PRR vs 5% placebo (active TED)
     * THRIVE-2 Phase 3: 56% PRR vs 8% placebo (chronic TED) — unique
     * Veligrotug approval probability still 70-75%
     * But: stock crashed -43.8% due to franchise uncertainty
     * Amgen SC Tepezza (77% PRR) threatens commercial upside
     * Stock at 4.33 is oversold; wait for REVEAL-2 + market sentiment shift

WEB RESEARCH SUMMARY
====================

Searches Completed: 18 targeted searches across all candidates
- FDA regulatory status: VERIFIED for all 3
- Analyst activity: CONFIRMED (2-10 analysts per candidate)
- Clinical trial data: VALIDATED via NEJM/ASN publications
- Competitive landscape: CONFIRMED (Rexulti, Voyxact, Tepezza)
- Insider activity: VERIFIED (no major red flags detected)
- Short interest & liquidity: CONFIRMED (normal range, no squeeze signals)
- Institutional ownership: VERIFIED (high, with recent notable 13Gs for VERA)
- Options activity: LIMITED PUBLIC DATA (IV normal for pre-PDUFA events)
- Litigation: CONFIRMED (no material ongoing issues for AXSM or VERA)
- Safety signals: MONITORED (openFDA Auvelity AE normal, no novel signals)

All web searches included source URLs for validation in final reports.

OUTPUT FILES CREATED
====================

Location: /sessions/peaceful-kind-feynman/mnt/Investment tool/reporting_layer/candidate_deep_dives/

1. AXSM_Deep_Dive_2026-04-14.docx (21 KB)
   - 15+ pages
   - US Letter format, 1" margins, Arial font
   - Sections: Cover, Executive Summary, Company Profile, Catalyst Analysis, 
     Scoring Breakdown, Web Research Findings (10 categories), Risk Matrix,
     Competitive & Financial Analysis, Final Conviction, Sources Appendix

2. VERA_Deep_Dive_2026-04-14.docx (14 KB)
   - 12+ pages
   - Same professional template as AXSM
   - Emphasis on commercial positioning (dual BAFF+APRIL vs APRIL-only)

3. VRDN_Deep_Dive_2026-04-14.docx (13 KB)
   - 10+ pages
   - Watchlist demoted status clearly marked
   - Elegrobart + Tepezza SC competitive analysis

4. index.json (1.3 KB)
   - JSON index of all processed candidates
   - Last analyzed date, source hashes, scores, conviction levels
   - Doc paths and metadata

TOTAL DOCX SIZE: 48 KB (all documents well above 10 KB minimum)

VALIDATION CHECKS
=================

✓ All .docx files exist and readable
✓ All files > 10 KB (professional length)
✓ index.json valid JSON with required fields
✓ No READ-ONLY violations (all outputs in reporting_layer)
✓ Source file hashes computed and stored
✓ Web research URLs embedded in all documents with citation
✓ Scoring dimensions verified against framework

NOTES & DEFER ITEMS
===================

- TVTX_FSGS_PDUFA: Already in delivered/ folder (APPROVED 2026-04-13). 
  Not re-analyzed; considered resolved per task parameters.

- Token capacity exhausted after AXSM, VERA, VRDN. Future sessions can extend
  to watchlist candidates (MNKD, ARVN, HROW) if prioritized.

- Recommendation: Schedule weekly kill-condition sweeps for AXSM (T-16 window)
  and VERA (T-60 window) via automated monitoring.

END OF LOG
